#-----------------------------------------------------------
# Vivado v2024.2 (64-bit)
# SW Build 5239630 on Fri Nov 08 22:35:27 MST 2024
# IP Build 5239520 on Sun Nov 10 16:12:51 MST 2024
# SharedData Build 5239561 on Fri Nov 08 14:39:27 MST 2024
# Start of session at: Mon Mar 31 14:28:45 2025
# Process ID         : 21808
# Current directory  : C:/Users/ASUS/sys1-sp25/src/lab3-1/build/project
# Command line       : vivado.exe
# Log file           : C:/Users/ASUS/sys1-sp25/src/lab3-1/build/project/vivado.log
# Journal file       : C:/Users/ASUS/sys1-sp25/src/lab3-1/build/project\vivado.jou
# Running On         : zjuturing2403jrh
# Platform           : Windows Server 2016 or Windows 10
# Operating System   : 26100
# Processor Detail   : AMD Ryzen 7 8845HS w/ Radeon 780M Graphics     
# CPU Frequency      : 3793 MHz
# CPU Physical cores : 8
# CPU Logical cores  : 16
# Host memory        : 16419 MB
# Swap memory        : 12348 MB
# Total Virtual      : 28767 MB
# Available Virtual  : 8043 MB
#-----------------------------------------------------------
start_gui
exit
INFO: [Common 17-206] Exiting Vivado at Mon Mar 31 14:32:15 2025...
